<?xml version="1.0" encoding="UTF-8"?>
<testng-results ignored="0" total="1" passed="1" failed="0" skipped="0">
  <reporter-output>
  </reporter-output>
  <suite started-at="2024-05-29T13:19:24 IST" name="Default suite" finished-at="2024-05-29T13:19:33 IST" duration-ms="8936">
    <groups>
    </groups>
    <test started-at="2024-05-29T13:19:24 IST" name="Default test" finished-at="2024-05-29T13:19:33 IST" duration-ms="8936">
      <class name="com.qa.orangeHRM.tests.HomePageTest">
        <test-method is-config="true" signature="setup()[pri:0, instance:com.qa.orangeHRM.tests.HomePageTest@78e117e3]" started-at="2024-05-29T13:19:24 IST" name="setup" finished-at="2024-05-29T13:19:30 IST" duration-ms="6080" status="PASS">
          <reporter-output>
          </reporter-output>
        </test-method> <!-- setup -->
        <test-method is-config="true" signature="login()[pri:0, instance:com.qa.orangeHRM.tests.HomePageTest@78e117e3]" started-at="2024-05-29T13:19:30 IST" name="login" finished-at="2024-05-29T13:19:31 IST" duration-ms="898" status="PASS">
          <reporter-output>
          </reporter-output>
        </test-method> <!-- login -->
        <test-method signature="searchTask()[pri:0, instance:com.qa.orangeHRM.tests.HomePageTest@78e117e3]" started-at="2024-05-29T13:19:31 IST" name="searchTask" finished-at="2024-05-29T13:19:33 IST" duration-ms="1921" status="PASS">
          <reporter-output>
          </reporter-output>
        </test-method> <!-- searchTask -->
      </class> <!-- com.qa.orangeHRM.tests.HomePageTest -->
    </test> <!-- Default test -->
  </suite> <!-- Default suite -->
</testng-results>
